app/build/outputs/logs/manifest-merger-debug-report.txt
-- Merging decision tree log ---
manifest
ADDED from src/main/AndroidManifest.xml:2:1-111:12
INJECTED from src/main/AndroidManifest.xml:2:1-111:12
INJECTED from src/main/AndroidManifest.xml:2:1-111:12
INJECTED from src/main/AndroidManifest.xml:2:1-111:12
MERGED from [com.android.support:appcompat-v7:22.2.1] AndroidManifest.xml:17:1-24:12
MERGED from [com.android.support:support-v4:22.2.1] AndroidManifest.xml:17:1-24:12
MERGED from [com.android.support.constraint:constraint-layout:1.1.0] AndroidManifest.xml:2:1-11:12
INJECTED from src/main/AndroidManifest.xml:2:1-111:12
INJECTED from src/main/AndroidManifest.xml:2:1-111:12
INJECTED from src/main/AndroidManifest.xml:2:1-111:12
	package
		ADDED from src/main/AndroidManifest.xml:3:5-28
		INJECTED from src/main/AndroidManifest.xml
		INJECTED from src/main/AndroidManifest.xml
	android:versionName
		ADDED from src/main/AndroidManifest.xml:5:5-30
		INJECTED from src/main/AndroidManifest.xml
		INJECTED from src/main/AndroidManifest.xml
	xmlns:android
		ADDED from src/main/AndroidManifest.xml:2:11-69
	android:versionCode
		ADDED from src/main/AndroidManifest.xml:4:5-30
		INJECTED from src/main/AndroidManifest.xml
		INJECTED from src/main/AndroidManifest.xml
uses-sdk
ADDED from src/main/AndroidManifest.xml:13:5-15:41
INJECTED from src/main/AndroidManifest.xml:13:5-15:41
INJECTED from src/main/AndroidManifest.xml:13:5-15:41
MERGED from [com.android.support:appcompat-v7:22.2.1] AndroidManifest.xml:20:5-43
MERGED from [com.android.support:appcompat-v7:22.2.1] AndroidManifest.xml:20:5-43
MERGED from [com.android.support:support-v4:22.2.1] AndroidManifest.xml:20:5-43
MERGED from [com.android.support:support-v4:22.2.1] AndroidManifest.xml:20:5-43
MERGED from [com.android.support.constraint:constraint-layout:1.1.0] AndroidManifest.xml:5:5-7:41
MERGED from [com.android.support.constraint:constraint-layout:1.1.0] AndroidManifest.xml:5:5-7:41
INJECTED from src/main/AndroidManifest.xml:13:5-15:41
INJECTED from src/main/AndroidManifest.xml:13:5-15:41
	android:targetSdkVersion
		ADDED from src/main/AndroidManifest.xml:15:9-38
		INJECTED from src/main/AndroidManifest.xml
		INJECTED from src/main/AndroidManifest.xml
	android:minSdkVersion
		ADDED from src/main/AndroidManifest.xml:14:9-35
		INJECTED from src/main/AndroidManifest.xml
		INJECTED from src/main/AndroidManifest.xml
uses-feature#0x00020000
ADDED from src/main/AndroidManifest.xml:17:5-54
	android:glEsVersion
		ADDED from src/main/AndroidManifest.xml:17:19-51
uses-feature#android.hardware.camera
ADDED from src/main/AndroidManifest.xml:33:5-60
	android:name
		ADDED from src/main/AndroidManifest.xml:33:19-57
uses-permission#android.permission.CAMERA
ADDED from src/main/AndroidManifest.xml:36:5-65
	android:name
		ADDED from src/main/AndroidManifest.xml:36:22-62
uses-permission#android.permission.INTERNET
ADDED from src/main/AndroidManifest.xml:39:5-67
	android:name
		ADDED from src/main/AndroidManifest.xml:39:22-64
uses-permission#android.permission.ACCESS_NETWORK_STATE
ADDED from src/main/AndroidManifest.xml:45:5-79
	android:name
		ADDED from src/main/AndroidManifest.xml:45:22-76
uses-permission#android.permission.READ_EXTERNAL_STORAGE
ADDED from src/main/AndroidManifest.xml:46:5-80
	android:name
		ADDED from src/main/AndroidManifest.xml:46:22-77
uses-permission#android.permission.WRITE_EXTERNAL_STORAGE
ADDED from src/main/AndroidManifest.xml:47:5-81
	android:name
		ADDED from src/main/AndroidManifest.xml:47:22-78
uses-permission#android.permission.READ_PHONE_STATE
ADDED from src/main/AndroidManifest.xml:48:5-75
	android:name
		ADDED from src/main/AndroidManifest.xml:48:22-72
application
ADDED from src/main/AndroidManifest.xml:60:5-109:19
MERGED from [com.android.support:appcompat-v7:22.2.1] AndroidManifest.xml:22:5-20
MERGED from [com.android.support:appcompat-v7:22.2.1] AndroidManifest.xml:22:5-20
MERGED from [com.android.support:support-v4:22.2.1] AndroidManifest.xml:22:5-20
MERGED from [com.android.support:support-v4:22.2.1] AndroidManifest.xml:22:5-20
MERGED from [com.android.support.constraint:constraint-layout:1.1.0] AndroidManifest.xml:9:5-20
MERGED from [com.android.support.constraint:constraint-layout:1.1.0] AndroidManifest.xml:9:5-20
	android:label
		ADDED from src/main/AndroidManifest.xml:64:9-41
	android:launchMode
		ADDED from src/main/AndroidManifest.xml:65:9-40
	android:icon
		ADDED from src/main/AndroidManifest.xml:63:9-38
	android:allowBackup
		ADDED from src/main/AndroidManifest.xml:61:9-35
	android:description
		ADDED from src/main/AndroidManifest.xml:62:9-54
	android:theme
		ADDED from src/main/AndroidManifest.xml:66:9-47
activity#com.Schedular.Vuforia.Splash.ActivitySplashScreen
ADDED from src/main/AndroidManifest.xml:83:9-93:20
	android:screenOrientation
		ADDED from src/main/AndroidManifest.xml:87:13-49
	android:noHistory
		ADDED from src/main/AndroidManifest.xml:86:13-37
	android:configChanges
		ADDED from src/main/AndroidManifest.xml:85:13-93
	android:name
		ADDED from src/main/AndroidManifest.xml:84:13-64
intent-filter#action:name:android.intent.action.MAIN+category:name:android.intent.category.LAUNCHER
ADDED from src/main/AndroidManifest.xml:88:13-92:29
action#android.intent.action.MAIN
ADDED from src/main/AndroidManifest.xml:89:17-69
	android:name
		ADDED from src/main/AndroidManifest.xml:89:25-66
category#android.intent.category.LAUNCHER
ADDED from src/main/AndroidManifest.xml:91:17-77
	android:name
		ADDED from src/main/AndroidManifest.xml:91:27-74
activity#com.Schedular.ScheduleTargets.ScheduleTargets
ADDED from src/main/AndroidManifest.xml:94:9-98:63
	android:launchMode
		ADDED from src/main/AndroidManifest.xml:97:13-44
	android:configChanges
		ADDED from src/main/AndroidManifest.xml:96:13-93
	android:theme
		ADDED from src/main/AndroidManifest.xml:98:13-51
	android:name
		ADDED from src/main/AndroidManifest.xml:95:13-60
activity#com.Schedular.ScheduleTargets.AboutActivity
ADDED from src/main/AndroidManifest.xml:99:9-104:63
	android:label
		ADDED from src/main/AndroidManifest.xml:102:13-57
	android:launchMode
		ADDED from src/main/AndroidManifest.xml:103:13-44
	android:configChanges
		ADDED from src/main/AndroidManifest.xml:101:13-93
	android:theme
		ADDED from src/main/AndroidManifest.xml:104:13-51
	android:name
		ADDED from src/main/AndroidManifest.xml:100:13-58
activity#com.Schedular.Schedule.Schedules
ADDED from src/main/AndroidManifest.xml:105:9-108:63
	android:launchMode
		ADDED from src/main/AndroidManifest.xml:107:13-44
	android:configChanges
		ADDED from src/main/AndroidManifest.xml:106:13-93
	android:theme
		ADDED from src/main/AndroidManifest.xml:108:13-51
	android:name
		ADDED from src/main/AndroidManifest.xml:105:19-53